Expozitie: 2
2019 1500 40000
Ford Mustang sport cabrio
metalic
-1
2015 1300 35000
Mercedes E53-AMG sport cabrio
textil
35000
Final expozitie

Expozitie: 1
2018 2000 60000
Ford Mustang sport coupe
-1
Final expozitie

Expozitie: 2
2014 1200 25000
Renault ClioRS sport hot-hatch
180 FWD
-1
2016 1100 30000
Honda Civic sport hot-hatch
220 RWD
-1
Final expozitie

Expozitie: 0
Final expozitie

Expozitie Supersport:
Numar masini expuse: 0

Numar masini vandute: 2
2014 2200 1225000
Bugatti Veyron sport supersport
431 2.46
2020 1800 1800000
Ferrari 812_Superfast sport supersport
340 2.9

Final expozitie Supersport

